*** Using Compiler 'V5.06 update 6 (build 750)', folder: 'D:\Keil_v5\ARM\ARMCC\Bin'
*** Note: Rebuilding project, since 'Options->Output->Create Batch File' is selected.
Rebuild target 'Target 1'
compiling system_n32g030.c...
assembling startup_n32g030.s...
compiling main.c...
compiling n32g030_it.c...
compiling delay.c...
compiling LED.c...
compiling modbus_slave.c...
..\HARDWARE\modbus_slave.c(226): warning:  #177-D: function "MODS_RxTimeOut"  was declared but never referenced
  void MODS_RxTimeOut(void)
..\HARDWARE\modbus_slave.c: 1 warning, 0 errors
compiling SHT20.c...
..\HARDWARE\SHT20.c(536): warning:  #186-D: pointless comparison of unsigned integer with zero
                if(Lux<0)
..\HARDWARE\SHT20.c(542): warning:  #186-D: pointless comparison of unsigned integer with zero
          if(Lux<0)
..\HARDWARE\SHT20.c: 2 warnings, 0 errors
compiling init.c...
..\HARDWARE\init.c(356): warning:  #61-D: integer operation result is out of range
        GPIOA->AFL &= ~(15<<28);
..\HARDWARE\init.c(417): warning:  #61-D: integer operation result is out of range
        GPIOA->AFL  &= ~(15<<28);
..\HARDWARE\init.c: 2 warnings, 0 errors
compiling flash.c...
compiling Proc.c...
compiling oled.c...
..\HARDWARE\oled.c(245): warning:  #177-D: variable "c"  was declared but never referenced
        unsigned char c=0,i=0;  
..\HARDWARE\oled.c(519): warning:  #186-D: pointless comparison of unsigned integer with zero
                        else if(NH3<10&&NH3>=0)
..\HARDWARE\oled.c(562): warning:  #1-D: last line of file ends without a newline
  }
..\HARDWARE\oled.c(471): warning:  #177-D: variable "text"  was declared but never referenced
        u8 text[25];                             //     OLED_ShowCharNULL(0,1,0,16);
..\HARDWARE\oled.c: 4 warnings, 0 errors
linking...
Program Size: Code=7052 RO-data=736 RW-data=212 ZI-data=1764  
FromELF: creating hex file...
".\Objects\N32G030F6S7.axf" - 0 Error(s), 9 Warning(s).
Build Time Elapsed:  00:00:04
