


ARM Macro Assembler    Page 1 


    1 00000000         ; ******************************************************
                       **********************
    2 00000000         ; Copyright (c) 2019, Nations Technologies Inc.
    3 00000000         ;
    4 00000000         ; All rights reserved.
    5 00000000         ; ******************************************************
                       **********************
    6 00000000         ;
    7 00000000         ; Redistribution and use in source and binary forms, wit
                       h or without
    8 00000000         ; modification, are permitted provided that the followin
                       g conditions are met:
    9 00000000         ;
   10 00000000         ; - Redistributions of source code must retain the above
                        copyright notice,
   11 00000000         ; this list of conditions and the disclaimer below.
   12 00000000         ;
   13 00000000         ; Nations' name may not be used to endorse or promote pr
                       oducts derived from
   14 00000000         ; this software without specific prior written permissio
                       n.
   15 00000000         ;
   16 00000000         ; DISCLAIMER: THIS SOFTWARE IS PROVIDED BY NATIONS "AS I
                       S" AND ANY EXPRESS OR
   17 00000000         ; IMPLIED WARRANTIES, INCLUDING, BUT NOT LIMITED TO, THE
                        IMPLIED WARRANTIES OF
   18 00000000         ; MERCHANTABILITY, FITNESS FOR A PARTICULAR PURPOSE AND 
                       NON-INFRINGEMENT ARE
   19 00000000         ; DISCLAIMED. IN NO EVENT SHALL NATIONS BE LIABLE FOR AN
                       Y DIRECT, INDIRECT,
   20 00000000         ; INCIDENTAL, SPECIAL, EXEMPLARY, OR CONSEQUENTIAL DAMAG
                       ES (INCLUDING, BUT NOT
   21 00000000         ; LIMITED TO, PROCUREMENT OF SUBSTITUTE GOODS OR SERVICE
                       S; LOSS OF USE, DATA,
   22 00000000         ; OR PROFITS; OR BUSINESS INTERRUPTION) HOWEVER CAUSED A
                       ND ON ANY THEORY OF
   23 00000000         ; LIABILITY, WHETHER IN CONTRACT, STRICT LIABILITY, OR T
                       ORT (INCLUDING
   24 00000000         ; NEGLIGENCE OR OTHERWISE) ARISING IN ANY WAY OUT OF THE
                        USE OF THIS SOFTWARE,
   25 00000000         ; EVEN IF ADVISED OF THE POSSIBILITY OF SUCH DAMAGE.
   26 00000000         ; ******************************************************
                       **********************
   27 00000000         
   28 00000000         ; Amount of memory (in bytes) allocated for Stack
   29 00000000         ; Tailor this value to your application needs
   30 00000000         ; <h> Stack Configuration
   31 00000000         ;   <o> Stack Size (in Bytes) <0x0-0xFFFFFFFF:8>
   32 00000000         ; </h>
   33 00000000         
   34 00000000 00000400 
                       Stack_Size
                               EQU              0x00000400
   35 00000000         
   36 00000000                 AREA             STACK, NOINIT, READWRITE, ALIGN
=3
   37 00000000         Stack_Mem
                               SPACE            Stack_Size
   38 00000400         __initial_sp



ARM Macro Assembler    Page 2 


   39 00000400         
   40 00000400         ; <h> Heap Configuration
   41 00000400         ;   <o>  Heap Size (in Bytes) <0x0-0xFFFFFFFF:8>
   42 00000400         ; </h>
   43 00000400         
   44 00000400 00000200 
                       Heap_Size
                               EQU              0x00000200
   45 00000400         
   46 00000400                 AREA             HEAP, NOINIT, READWRITE, ALIGN=
3
   47 00000000         __heap_base
   48 00000000         Heap_Mem
                               SPACE            Heap_Size
   49 00000200         __heap_limit
   50 00000200         
   51 00000200                 PRESERVE8
   52 00000200                 THUMB
   53 00000200         
   54 00000200         
   55 00000200         ; Vector Table Mapped to Address 0 at Reset
   56 00000200                 AREA             RESET, DATA, READONLY
   57 00000000                 EXPORT           __Vectors
   58 00000000                 EXPORT           __Vectors_End
   59 00000000                 EXPORT           __Vectors_Size
   60 00000000         
   61 00000000 00000000 
                       __Vectors
                               DCD              __initial_sp ; Top of Stack
   62 00000004 00000000        DCD              Reset_Handler ; Reset Handler
   63 00000008 00000000        DCD              NMI_Handler ; NMI Handler
   64 0000000C 00000000        DCD              HardFault_Handler ; Hard Fault 
                                                            Handler
   65 00000010 00000000        DCD              0           ; Reserved
   66 00000014 00000000        DCD              0           ; Reserved
   67 00000018 00000000        DCD              0           ; Reserved
   68 0000001C 00000000        DCD              0           ; Reserved
   69 00000020 00000000        DCD              0           ; Reserved
   70 00000024 00000000        DCD              0           ; Reserved
   71 00000028 00000000        DCD              0           ; Reserved
   72 0000002C 00000000        DCD              SVC_Handler ; SVCall Handler
   73 00000030 00000000        DCD              0           ; Reserved
   74 00000034 00000000        DCD              0           ; Reserved
   75 00000038 00000000        DCD              PendSV_Handler ; PendSV Handler
                                                            
   76 0000003C 00000000        DCD              SysTick_Handler 
                                                            ; SysTick Handler
   77 00000040         
   78 00000040         ; External Interrupts
   79 00000040 00000000        DCD              WWDG_IRQHandler 
                                                            ; Window Watchdog
   80 00000044 00000000        DCD              PVD_IRQHandler ; PVD through EX
                                                            TI Line 16 detect
   81 00000048 00000000        DCD              RTC_IRQHandler ; RTC interrupt(
                                                            through EXTI line 1
                                                            7/19/20 interrupt)
   82 0000004C 00000000        DCD              MMU_IRQHandler ; MMU
   83 00000050 00000000        DCD              FLASH_IRQHandler ; Flash
   84 00000054 00000000        DCD              RCC_IRQHandler ; RCC



ARM Macro Assembler    Page 3 


   85 00000058 00000000        DCD              EXTI0_1_IRQHandler 
                                                            ; EXTI Line 0.1
   86 0000005C 00000000        DCD              EXTI2_3_IRQHandler 
                                                            ; EXTI Line 2.3
   87 00000060 00000000        DCD              EXTI4_15_IRQHandler 
                                                            ; EXTI Line 4..15
   88 00000064 00000000        DCD              RESERVE9_IRQHandler ; RESERVE9
   89 00000068 00000000        DCD              DMA_Channel1_2_IRQHandler 
                                                            ; DMA Channel 1,2
   90 0000006C 00000000        DCD              DMA_Channel1_2_3_4_IRQHandler ;
                                                             DMA Channel 1,2,3,
                                                            4
   91 00000070 00000000        DCD              DMA_Channel5_IRQHandler 
                                                            ; DMA Channel 5
   92 00000074 00000000        DCD              TIM1_BRK_UP_TRG_COM_IRQHandler 
                                                            ; TIM1 Break/Update
                                                            /Trigger and Commut
                                                            ation
   93 00000078 00000000        DCD              TIM1_CC_IRQHandler ; TIM1 Captu
                                                            re Compare
   94 0000007C 00000000        DCD              DMA_Channel3_4_IRQHandler 
                                                            ; DMA Channel 3,4
   95 00000080 00000000        DCD              TIM3_IRQHandler ; TIM3
   96 00000084 00000000        DCD              USART2_IRQHandler ; USART2
   97 00000088 00000000        DCD              TIM8_BRK_UP_TRG_COM_IRQHandler 
                                                            ; TIM8 Break/Update
                                                            /Trigger and Commut
                                                            ation
   98 0000008C 00000000        DCD              TIM8_CC_IRQHandler ; TIM8 Captu
                                                            re Compare
   99 00000090 00000000        DCD              LPTIM_TIM6_IRQHandler 
                                                            ; LPTIM/TIM6
  100 00000094 00000000        DCD              ADC_IRQHandler ; ADC
  101 00000098 00000000        DCD              SPI2_IRQHandler ; SPI2
  102 0000009C 00000000        DCD              I2C1_IRQHandler ; I2C1
  103 000000A0 00000000        DCD              I2C2_IRQHandler ; I2C2
  104 000000A4 00000000        DCD              SPI1_IRQHandler ; SPI1
  105 000000A8 00000000        DCD              HDIV_SQRT_IRQHandler 
                                                            ; HDIV/SQRT
  106 000000AC 00000000        DCD              RAMC_PERR_IRQHandler 
                                                            ; RAMC PARITY ERR
  107 000000B0 00000000        DCD              USART1_2_IRQHandler 
                                                            ; USART1/USART2
  108 000000B4 00000000        DCD              LPUART_IRQHandler ; LPUART
  109 000000B8 00000000        DCD              USART1_IRQHandler ; USART1
  110 000000BC 00000000        DCD              COMP_IRQHandler ; COMP
  111 000000C0         __Vectors_End
  112 000000C0         
  113 000000C0 000000C0 
                       __Vectors_Size
                               EQU              __Vectors_End - __Vectors
  114 000000C0         
  115 000000C0                 AREA             |.text|, CODE, READONLY
  116 00000000         
  117 00000000         ; Reset handler
  118 00000000         Reset_Handler
                               PROC
  119 00000000                 EXPORT           Reset_Handler             [WEAK
]



ARM Macro Assembler    Page 4 


  120 00000000                 IMPORT           __main
  121 00000000                 IMPORT           SystemInit
  122 00000000 4804            LDR              R0, =SystemInit
  123 00000002 4780            BLX              R0
  124 00000004 4804            LDR              R0, =__main
  125 00000006 4700            BX               R0
  126 00000008                 ENDP
  127 00000008         
  128 00000008         ; Dummy Exception Handlers (infinite loops which can be 
                       modified)
  129 00000008         
  130 00000008         NMI_Handler
                               PROC
  131 00000008                 EXPORT           NMI_Handler                [WEA
K]
  132 00000008 E7FE            B                .
  133 0000000A                 ENDP
  135 0000000A         HardFault_Handler
                               PROC
  136 0000000A                 EXPORT           HardFault_Handler          [WEA
K]
  137 0000000A E7FE            B                .
  138 0000000C                 ENDP
  139 0000000C         SVC_Handler
                               PROC
  140 0000000C                 EXPORT           SVC_Handler                [WEA
K]
  141 0000000C E7FE            B                .
  142 0000000E                 ENDP
  143 0000000E         PendSV_Handler
                               PROC
  144 0000000E                 EXPORT           PendSV_Handler             [WEA
K]
  145 0000000E E7FE            B                .
  146 00000010                 ENDP
  147 00000010         SysTick_Handler
                               PROC
  148 00000010                 EXPORT           SysTick_Handler            [WEA
K]
  149 00000010 E7FE            B                .
  150 00000012                 ENDP
  151 00000012         
  152 00000012         Default_Handler
                               PROC
  153 00000012         
  154 00000012                 EXPORT           WWDG_IRQHandler            [WEA
K]
  155 00000012                 EXPORT           PVD_IRQHandler             [WEA
K]
  156 00000012                 EXPORT           RTC_IRQHandler             [WEA
K]
  157 00000012                 EXPORT           MMU_IRQHandler             [WEA
K]
  158 00000012                 EXPORT           FLASH_IRQHandler           [WEA
K]
  159 00000012                 EXPORT           RCC_IRQHandler             [WEA
K]
  160 00000012                 EXPORT           EXTI0_1_IRQHandler         [WEA
K]



ARM Macro Assembler    Page 5 


  161 00000012                 EXPORT           EXTI2_3_IRQHandler         [WEA
K]
  162 00000012                 EXPORT           EXTI4_15_IRQHandler        [WEA
K]
  163 00000012                 EXPORT           RESERVE9_IRQHandler        [WEA
K]
  164 00000012                 EXPORT           DMA_Channel1_2_IRQHandler  [WEA
K]
  165 00000012                 EXPORT           DMA_Channel1_2_3_4_IRQHandler [
WEAK]
  166 00000012                 EXPORT           DMA_Channel5_IRQHandler    [WEA
K]
  167 00000012                 EXPORT           TIM1_BRK_UP_TRG_COM_IRQHandler 
[WEAK]
  168 00000012                 EXPORT           TIM1_CC_IRQHandler         [WEA
K]
  169 00000012                 EXPORT           DMA_Channel3_4_IRQHandler  [WEA
K]
  170 00000012                 EXPORT           TIM3_IRQHandler            [WEA
K]
  171 00000012                 EXPORT           USART2_IRQHandler          [WEA
K]
  172 00000012                 EXPORT           TIM8_BRK_UP_TRG_COM_IRQHandler 
[WEAK]
  173 00000012                 EXPORT           TIM8_CC_IRQHandler         [WEA
K]
  174 00000012                 EXPORT           LPTIM_TIM6_IRQHandler      [WEA
K]
  175 00000012                 EXPORT           ADC_IRQHandler             [WEA
K]
  176 00000012                 EXPORT           SPI2_IRQHandler            [WEA
K]
  177 00000012                 EXPORT           I2C1_IRQHandler            [WEA
K]
  178 00000012                 EXPORT           I2C2_IRQHandler            [WEA
K]
  179 00000012                 EXPORT           SPI1_IRQHandler            [WEA
K]
  180 00000012                 EXPORT           HDIV_SQRT_IRQHandler       [WEA
K]
  181 00000012                 EXPORT           RAMC_PERR_IRQHandler       [WEA
K]
  182 00000012                 EXPORT           USART1_2_IRQHandler        [WEA
K]
  183 00000012                 EXPORT           LPUART_IRQHandler          [WEA
K]
  184 00000012                 EXPORT           USART1_IRQHandler          [WEA
K]
  185 00000012                 EXPORT           COMP_IRQHandler            [WEA
K]
  186 00000012         
  187 00000012         WWDG_IRQHandler
  188 00000012         PVD_IRQHandler
  189 00000012         RTC_IRQHandler
  190 00000012         MMU_IRQHandler
  191 00000012         FLASH_IRQHandler
  192 00000012         RCC_IRQHandler
  193 00000012         EXTI0_1_IRQHandler
  194 00000012         EXTI2_3_IRQHandler



ARM Macro Assembler    Page 6 


  195 00000012         EXTI4_15_IRQHandler
  196 00000012         RESERVE9_IRQHandler
  197 00000012         DMA_Channel1_2_IRQHandler
  198 00000012         DMA_Channel1_2_3_4_IRQHandler
  199 00000012         DMA_Channel5_IRQHandler
  200 00000012         TIM1_BRK_UP_TRG_COM_IRQHandler
  201 00000012         TIM1_CC_IRQHandler
  202 00000012         DMA_Channel3_4_IRQHandler
  203 00000012         TIM3_IRQHandler
  204 00000012         USART2_IRQHandler
  205 00000012         TIM8_BRK_UP_TRG_COM_IRQHandler
  206 00000012         TIM8_CC_IRQHandler
  207 00000012         LPTIM_TIM6_IRQHandler
  208 00000012         ADC_IRQHandler
  209 00000012         SPI2_IRQHandler
  210 00000012         I2C1_IRQHandler
  211 00000012         I2C2_IRQHandler
  212 00000012         SPI1_IRQHandler
  213 00000012         HDIV_SQRT_IRQHandler
  214 00000012         RAMC_PERR_IRQHandler
  215 00000012         USART1_2_IRQHandler
  216 00000012         LPUART_IRQHandler
  217 00000012         USART1_IRQHandler
  218 00000012         COMP_IRQHandler
  219 00000012 E7FE            B                .
  220 00000014         
  221 00000014                 ENDP
  222 00000014         
  223 00000014                 ALIGN
  224 00000014         
  225 00000014         ;*******************************************************
                       ************************
  226 00000014         ; User Stack and Heap initialization
  227 00000014         ;*******************************************************
                       ************************
  228 00000014                 IF               :DEF:__MICROLIB
  229 00000014         
  230 00000014                 EXPORT           __initial_sp
  231 00000014                 EXPORT           __heap_base
  232 00000014                 EXPORT           __heap_limit
  233 00000014         
  234 00000014                 ELSE
  249                          ENDIF
  250 00000014         
  251 00000014                 END
              00000000 
              00000000 
Command Line: --debug --xref --diag_suppress=9931 --cpu=Cortex-M0 --apcs=interw
ork --depend=.\objects\startup_n32g030.d -o.\objects\startup_n32g030.o -I.\RTE\
_Target_1 -ID:\KEIL\Nationstech\N32G030_DFP\1.0.2\firmware\CMSIS\device -ID:\Ke
il_v5\ARM\CMSIS\Include --predefine="__MICROLIB SETA 1" --predefine="__UVISION_
VERSION SETA 529" --predefine="N32G030 SETA 1" --predefine="USE_STDPERIPH_DRIVE
R SETA 1" --list=.\listings\startup_n32g030.lst ..\CMSIS\device\startup\startup
_n32g030.s



ARM Macro Assembler    Page 1 Alphabetic symbol ordering
Relocatable symbols

STACK 00000000

Symbol: STACK
   Definitions
      At line 36 in file ..\CMSIS\device\startup\startup_n32g030.s
   Uses
      None
Comment: STACK unused
Stack_Mem 00000000

Symbol: Stack_Mem
   Definitions
      At line 37 in file ..\CMSIS\device\startup\startup_n32g030.s
   Uses
      None
Comment: Stack_Mem unused
__initial_sp 00000400

Symbol: __initial_sp
   Definitions
      At line 38 in file ..\CMSIS\device\startup\startup_n32g030.s
   Uses
      At line 61 in file ..\CMSIS\device\startup\startup_n32g030.s
      At line 230 in file ..\CMSIS\device\startup\startup_n32g030.s

3 symbols



ARM Macro Assembler    Page 1 Alphabetic symbol ordering
Relocatable symbols

HEAP 00000000

Symbol: HEAP
   Definitions
      At line 46 in file ..\CMSIS\device\startup\startup_n32g030.s
   Uses
      None
Comment: HEAP unused
Heap_Mem 00000000

Symbol: Heap_Mem
   Definitions
      At line 48 in file ..\CMSIS\device\startup\startup_n32g030.s
   Uses
      None
Comment: Heap_Mem unused
__heap_base 00000000

Symbol: __heap_base
   Definitions
      At line 47 in file ..\CMSIS\device\startup\startup_n32g030.s
   Uses
      At line 231 in file ..\CMSIS\device\startup\startup_n32g030.s
Comment: __heap_base used once
__heap_limit 00000200

Symbol: __heap_limit
   Definitions
      At line 49 in file ..\CMSIS\device\startup\startup_n32g030.s
   Uses
      At line 232 in file ..\CMSIS\device\startup\startup_n32g030.s
Comment: __heap_limit used once
4 symbols



ARM Macro Assembler    Page 1 Alphabetic symbol ordering
Relocatable symbols

RESET 00000000

Symbol: RESET
   Definitions
      At line 56 in file ..\CMSIS\device\startup\startup_n32g030.s
   Uses
      None
Comment: RESET unused
__Vectors 00000000

Symbol: __Vectors
   Definitions
      At line 61 in file ..\CMSIS\device\startup\startup_n32g030.s
   Uses
      At line 57 in file ..\CMSIS\device\startup\startup_n32g030.s
      At line 113 in file ..\CMSIS\device\startup\startup_n32g030.s

__Vectors_End 000000C0

Symbol: __Vectors_End
   Definitions
      At line 111 in file ..\CMSIS\device\startup\startup_n32g030.s
   Uses
      At line 58 in file ..\CMSIS\device\startup\startup_n32g030.s
      At line 113 in file ..\CMSIS\device\startup\startup_n32g030.s

3 symbols



ARM Macro Assembler    Page 1 Alphabetic symbol ordering
Relocatable symbols

.text 00000000

Symbol: .text
   Definitions
      At line 115 in file ..\CMSIS\device\startup\startup_n32g030.s
   Uses
      None
Comment: .text unused
ADC_IRQHandler 00000012

Symbol: ADC_IRQHandler
   Definitions
      At line 208 in file ..\CMSIS\device\startup\startup_n32g030.s
   Uses
      At line 100 in file ..\CMSIS\device\startup\startup_n32g030.s
      At line 175 in file ..\CMSIS\device\startup\startup_n32g030.s

COMP_IRQHandler 00000012

Symbol: COMP_IRQHandler
   Definitions
      At line 218 in file ..\CMSIS\device\startup\startup_n32g030.s
   Uses
      At line 110 in file ..\CMSIS\device\startup\startup_n32g030.s
      At line 185 in file ..\CMSIS\device\startup\startup_n32g030.s

DMA_Channel1_2_3_4_IRQHandler 00000012

Symbol: DMA_Channel1_2_3_4_IRQHandler
   Definitions
      At line 198 in file ..\CMSIS\device\startup\startup_n32g030.s
   Uses
      At line 90 in file ..\CMSIS\device\startup\startup_n32g030.s
      At line 165 in file ..\CMSIS\device\startup\startup_n32g030.s

DMA_Channel1_2_IRQHandler 00000012

Symbol: DMA_Channel1_2_IRQHandler
   Definitions
      At line 197 in file ..\CMSIS\device\startup\startup_n32g030.s
   Uses
      At line 89 in file ..\CMSIS\device\startup\startup_n32g030.s
      At line 164 in file ..\CMSIS\device\startup\startup_n32g030.s

DMA_Channel3_4_IRQHandler 00000012

Symbol: DMA_Channel3_4_IRQHandler
   Definitions
      At line 202 in file ..\CMSIS\device\startup\startup_n32g030.s
   Uses
      At line 94 in file ..\CMSIS\device\startup\startup_n32g030.s
      At line 169 in file ..\CMSIS\device\startup\startup_n32g030.s

DMA_Channel5_IRQHandler 00000012

Symbol: DMA_Channel5_IRQHandler
   Definitions
      At line 199 in file ..\CMSIS\device\startup\startup_n32g030.s
   Uses



ARM Macro Assembler    Page 2 Alphabetic symbol ordering
Relocatable symbols

      At line 91 in file ..\CMSIS\device\startup\startup_n32g030.s
      At line 166 in file ..\CMSIS\device\startup\startup_n32g030.s

Default_Handler 00000012

Symbol: Default_Handler
   Definitions
      At line 152 in file ..\CMSIS\device\startup\startup_n32g030.s
   Uses
      None
Comment: Default_Handler unused
EXTI0_1_IRQHandler 00000012

Symbol: EXTI0_1_IRQHandler
   Definitions
      At line 193 in file ..\CMSIS\device\startup\startup_n32g030.s
   Uses
      At line 85 in file ..\CMSIS\device\startup\startup_n32g030.s
      At line 160 in file ..\CMSIS\device\startup\startup_n32g030.s

EXTI2_3_IRQHandler 00000012

Symbol: EXTI2_3_IRQHandler
   Definitions
      At line 194 in file ..\CMSIS\device\startup\startup_n32g030.s
   Uses
      At line 86 in file ..\CMSIS\device\startup\startup_n32g030.s
      At line 161 in file ..\CMSIS\device\startup\startup_n32g030.s

EXTI4_15_IRQHandler 00000012

Symbol: EXTI4_15_IRQHandler
   Definitions
      At line 195 in file ..\CMSIS\device\startup\startup_n32g030.s
   Uses
      At line 87 in file ..\CMSIS\device\startup\startup_n32g030.s
      At line 162 in file ..\CMSIS\device\startup\startup_n32g030.s

FLASH_IRQHandler 00000012

Symbol: FLASH_IRQHandler
   Definitions
      At line 191 in file ..\CMSIS\device\startup\startup_n32g030.s
   Uses
      At line 83 in file ..\CMSIS\device\startup\startup_n32g030.s
      At line 158 in file ..\CMSIS\device\startup\startup_n32g030.s

HDIV_SQRT_IRQHandler 00000012

Symbol: HDIV_SQRT_IRQHandler
   Definitions
      At line 213 in file ..\CMSIS\device\startup\startup_n32g030.s
   Uses
      At line 105 in file ..\CMSIS\device\startup\startup_n32g030.s
      At line 180 in file ..\CMSIS\device\startup\startup_n32g030.s

HardFault_Handler 0000000A

Symbol: HardFault_Handler



ARM Macro Assembler    Page 3 Alphabetic symbol ordering
Relocatable symbols

   Definitions
      At line 135 in file ..\CMSIS\device\startup\startup_n32g030.s
   Uses
      At line 64 in file ..\CMSIS\device\startup\startup_n32g030.s
      At line 136 in file ..\CMSIS\device\startup\startup_n32g030.s

I2C1_IRQHandler 00000012

Symbol: I2C1_IRQHandler
   Definitions
      At line 210 in file ..\CMSIS\device\startup\startup_n32g030.s
   Uses
      At line 102 in file ..\CMSIS\device\startup\startup_n32g030.s
      At line 177 in file ..\CMSIS\device\startup\startup_n32g030.s

I2C2_IRQHandler 00000012

Symbol: I2C2_IRQHandler
   Definitions
      At line 211 in file ..\CMSIS\device\startup\startup_n32g030.s
   Uses
      At line 103 in file ..\CMSIS\device\startup\startup_n32g030.s
      At line 178 in file ..\CMSIS\device\startup\startup_n32g030.s

LPTIM_TIM6_IRQHandler 00000012

Symbol: LPTIM_TIM6_IRQHandler
   Definitions
      At line 207 in file ..\CMSIS\device\startup\startup_n32g030.s
   Uses
      At line 99 in file ..\CMSIS\device\startup\startup_n32g030.s
      At line 174 in file ..\CMSIS\device\startup\startup_n32g030.s

LPUART_IRQHandler 00000012

Symbol: LPUART_IRQHandler
   Definitions
      At line 216 in file ..\CMSIS\device\startup\startup_n32g030.s
   Uses
      At line 108 in file ..\CMSIS\device\startup\startup_n32g030.s
      At line 183 in file ..\CMSIS\device\startup\startup_n32g030.s

MMU_IRQHandler 00000012

Symbol: MMU_IRQHandler
   Definitions
      At line 190 in file ..\CMSIS\device\startup\startup_n32g030.s
   Uses
      At line 82 in file ..\CMSIS\device\startup\startup_n32g030.s
      At line 157 in file ..\CMSIS\device\startup\startup_n32g030.s

NMI_Handler 00000008

Symbol: NMI_Handler
   Definitions
      At line 130 in file ..\CMSIS\device\startup\startup_n32g030.s
   Uses
      At line 63 in file ..\CMSIS\device\startup\startup_n32g030.s
      At line 131 in file ..\CMSIS\device\startup\startup_n32g030.s



ARM Macro Assembler    Page 4 Alphabetic symbol ordering
Relocatable symbols


PVD_IRQHandler 00000012

Symbol: PVD_IRQHandler
   Definitions
      At line 188 in file ..\CMSIS\device\startup\startup_n32g030.s
   Uses
      At line 80 in file ..\CMSIS\device\startup\startup_n32g030.s
      At line 155 in file ..\CMSIS\device\startup\startup_n32g030.s

PendSV_Handler 0000000E

Symbol: PendSV_Handler
   Definitions
      At line 143 in file ..\CMSIS\device\startup\startup_n32g030.s
   Uses
      At line 75 in file ..\CMSIS\device\startup\startup_n32g030.s
      At line 144 in file ..\CMSIS\device\startup\startup_n32g030.s

RAMC_PERR_IRQHandler 00000012

Symbol: RAMC_PERR_IRQHandler
   Definitions
      At line 214 in file ..\CMSIS\device\startup\startup_n32g030.s
   Uses
      At line 106 in file ..\CMSIS\device\startup\startup_n32g030.s
      At line 181 in file ..\CMSIS\device\startup\startup_n32g030.s

RCC_IRQHandler 00000012

Symbol: RCC_IRQHandler
   Definitions
      At line 192 in file ..\CMSIS\device\startup\startup_n32g030.s
   Uses
      At line 84 in file ..\CMSIS\device\startup\startup_n32g030.s
      At line 159 in file ..\CMSIS\device\startup\startup_n32g030.s

RESERVE9_IRQHandler 00000012

Symbol: RESERVE9_IRQHandler
   Definitions
      At line 196 in file ..\CMSIS\device\startup\startup_n32g030.s
   Uses
      At line 88 in file ..\CMSIS\device\startup\startup_n32g030.s
      At line 163 in file ..\CMSIS\device\startup\startup_n32g030.s

RTC_IRQHandler 00000012

Symbol: RTC_IRQHandler
   Definitions
      At line 189 in file ..\CMSIS\device\startup\startup_n32g030.s
   Uses
      At line 81 in file ..\CMSIS\device\startup\startup_n32g030.s
      At line 156 in file ..\CMSIS\device\startup\startup_n32g030.s

Reset_Handler 00000000

Symbol: Reset_Handler
   Definitions



ARM Macro Assembler    Page 5 Alphabetic symbol ordering
Relocatable symbols

      At line 118 in file ..\CMSIS\device\startup\startup_n32g030.s
   Uses
      At line 62 in file ..\CMSIS\device\startup\startup_n32g030.s
      At line 119 in file ..\CMSIS\device\startup\startup_n32g030.s

SPI1_IRQHandler 00000012

Symbol: SPI1_IRQHandler
   Definitions
      At line 212 in file ..\CMSIS\device\startup\startup_n32g030.s
   Uses
      At line 104 in file ..\CMSIS\device\startup\startup_n32g030.s
      At line 179 in file ..\CMSIS\device\startup\startup_n32g030.s

SPI2_IRQHandler 00000012

Symbol: SPI2_IRQHandler
   Definitions
      At line 209 in file ..\CMSIS\device\startup\startup_n32g030.s
   Uses
      At line 101 in file ..\CMSIS\device\startup\startup_n32g030.s
      At line 176 in file ..\CMSIS\device\startup\startup_n32g030.s

SVC_Handler 0000000C

Symbol: SVC_Handler
   Definitions
      At line 139 in file ..\CMSIS\device\startup\startup_n32g030.s
   Uses
      At line 72 in file ..\CMSIS\device\startup\startup_n32g030.s
      At line 140 in file ..\CMSIS\device\startup\startup_n32g030.s

SysTick_Handler 00000010

Symbol: SysTick_Handler
   Definitions
      At line 147 in file ..\CMSIS\device\startup\startup_n32g030.s
   Uses
      At line 76 in file ..\CMSIS\device\startup\startup_n32g030.s
      At line 148 in file ..\CMSIS\device\startup\startup_n32g030.s

TIM1_BRK_UP_TRG_COM_IRQHandler 00000012

Symbol: TIM1_BRK_UP_TRG_COM_IRQHandler
   Definitions
      At line 200 in file ..\CMSIS\device\startup\startup_n32g030.s
   Uses
      At line 92 in file ..\CMSIS\device\startup\startup_n32g030.s
      At line 167 in file ..\CMSIS\device\startup\startup_n32g030.s

TIM1_CC_IRQHandler 00000012

Symbol: TIM1_CC_IRQHandler
   Definitions
      At line 201 in file ..\CMSIS\device\startup\startup_n32g030.s
   Uses
      At line 93 in file ..\CMSIS\device\startup\startup_n32g030.s
      At line 168 in file ..\CMSIS\device\startup\startup_n32g030.s




ARM Macro Assembler    Page 6 Alphabetic symbol ordering
Relocatable symbols

TIM3_IRQHandler 00000012

Symbol: TIM3_IRQHandler
   Definitions
      At line 203 in file ..\CMSIS\device\startup\startup_n32g030.s
   Uses
      At line 95 in file ..\CMSIS\device\startup\startup_n32g030.s
      At line 170 in file ..\CMSIS\device\startup\startup_n32g030.s

TIM8_BRK_UP_TRG_COM_IRQHandler 00000012

Symbol: TIM8_BRK_UP_TRG_COM_IRQHandler
   Definitions
      At line 205 in file ..\CMSIS\device\startup\startup_n32g030.s
   Uses
      At line 97 in file ..\CMSIS\device\startup\startup_n32g030.s
      At line 172 in file ..\CMSIS\device\startup\startup_n32g030.s

TIM8_CC_IRQHandler 00000012

Symbol: TIM8_CC_IRQHandler
   Definitions
      At line 206 in file ..\CMSIS\device\startup\startup_n32g030.s
   Uses
      At line 98 in file ..\CMSIS\device\startup\startup_n32g030.s
      At line 173 in file ..\CMSIS\device\startup\startup_n32g030.s

USART1_2_IRQHandler 00000012

Symbol: USART1_2_IRQHandler
   Definitions
      At line 215 in file ..\CMSIS\device\startup\startup_n32g030.s
   Uses
      At line 107 in file ..\CMSIS\device\startup\startup_n32g030.s
      At line 182 in file ..\CMSIS\device\startup\startup_n32g030.s

USART1_IRQHandler 00000012

Symbol: USART1_IRQHandler
   Definitions
      At line 217 in file ..\CMSIS\device\startup\startup_n32g030.s
   Uses
      At line 109 in file ..\CMSIS\device\startup\startup_n32g030.s
      At line 184 in file ..\CMSIS\device\startup\startup_n32g030.s

USART2_IRQHandler 00000012

Symbol: USART2_IRQHandler
   Definitions
      At line 204 in file ..\CMSIS\device\startup\startup_n32g030.s
   Uses
      At line 96 in file ..\CMSIS\device\startup\startup_n32g030.s
      At line 171 in file ..\CMSIS\device\startup\startup_n32g030.s

WWDG_IRQHandler 00000012

Symbol: WWDG_IRQHandler
   Definitions
      At line 187 in file ..\CMSIS\device\startup\startup_n32g030.s



ARM Macro Assembler    Page 7 Alphabetic symbol ordering
Relocatable symbols

   Uses
      At line 79 in file ..\CMSIS\device\startup\startup_n32g030.s
      At line 154 in file ..\CMSIS\device\startup\startup_n32g030.s

40 symbols



ARM Macro Assembler    Page 1 Alphabetic symbol ordering
Absolute symbols

Heap_Size 00000200

Symbol: Heap_Size
   Definitions
      At line 44 in file ..\CMSIS\device\startup\startup_n32g030.s
   Uses
      At line 48 in file ..\CMSIS\device\startup\startup_n32g030.s
Comment: Heap_Size used once
Stack_Size 00000400

Symbol: Stack_Size
   Definitions
      At line 34 in file ..\CMSIS\device\startup\startup_n32g030.s
   Uses
      At line 37 in file ..\CMSIS\device\startup\startup_n32g030.s
Comment: Stack_Size used once
__Vectors_Size 000000C0

Symbol: __Vectors_Size
   Definitions
      At line 113 in file ..\CMSIS\device\startup\startup_n32g030.s
   Uses
      At line 59 in file ..\CMSIS\device\startup\startup_n32g030.s
Comment: __Vectors_Size used once
3 symbols



ARM Macro Assembler    Page 1 Alphabetic symbol ordering
External symbols

SystemInit 00000000

Symbol: SystemInit
   Definitions
      At line 121 in file ..\CMSIS\device\startup\startup_n32g030.s
   Uses
      At line 122 in file ..\CMSIS\device\startup\startup_n32g030.s
Comment: SystemInit used once
__main 00000000

Symbol: __main
   Definitions
      At line 120 in file ..\CMSIS\device\startup\startup_n32g030.s
   Uses
      At line 124 in file ..\CMSIS\device\startup\startup_n32g030.s
Comment: __main used once
2 symbols
391 symbols in table
